<?xml version="1.0" encoding="UTF-8"?>
<testng-results ignored="0" total="3" passed="3" failed="0" skipped="0">
  <reporter-output>
  </reporter-output>
  <suite started-at="2021-07-24T18:29:00 PDT" name="Surefire suite" finished-at="2021-07-24T18:29:00 PDT" duration-ms="63">
    <groups>
    </groups>
    <test started-at="2021-07-24T18:29:00 PDT" name="Surefire test" finished-at="2021-07-24T18:29:00 PDT" duration-ms="63">
      <class name="Shivam_Maven.CRM.signupTest">
        <test-method signature="getdetails()[pri:0, instance:Shivam_Maven.CRM.signupTest@15bb6bea]" started-at="2021-07-24T18:29:00 PDT" name="getdetails" finished-at="2021-07-24T18:29:00 PDT" duration-ms="1" status="PASS">
          <reporter-output>
          </reporter-output>
        </test-method> <!-- getdetails -->
      </class> <!-- Shivam_Maven.CRM.signupTest -->
      <class name="Shivam_Maven.CRM.login1Test">
        <test-method is-config="true" signature="setPro()[pri:0, instance:Shivam_Maven.CRM.login1Test@77e9807f]" started-at="2021-07-24T18:29:00 PDT" name="setPro" finished-at="2021-07-24T18:29:00 PDT" duration-ms="23" status="PASS">
          <reporter-output>
          </reporter-output>
        </test-method> <!-- setPro -->
        <test-method signature="getuser()[pri:0, instance:Shivam_Maven.CRM.login1Test@77e9807f]" started-at="2021-07-24T18:29:00 PDT" name="getuser" finished-at="2021-07-24T18:29:00 PDT" duration-ms="3" status="PASS">
          <reporter-output>
          </reporter-output>
        </test-method> <!-- getuser -->
        <test-method signature="setuser()[pri:0, instance:Shivam_Maven.CRM.login1Test@77e9807f]" started-at="2021-07-24T18:29:00 PDT" name="setuser" finished-at="2021-07-24T18:29:00 PDT" duration-ms="1" status="PASS">
          <reporter-output>
          </reporter-output>
        </test-method> <!-- setuser -->
      </class> <!-- Shivam_Maven.CRM.login1Test -->
    </test> <!-- Surefire test -->
  </suite> <!-- Surefire suite -->
</testng-results>
